<?xml version="1.0" encoding="UTF-8"?>
<testng-results ignored="0" total="1" passed="1" failed="0" skipped="0">
  <reporter-output>
  </reporter-output>
  <suite started-at="2019-03-08T08:47:38Z" name="Sauce Demo end to end Test suite" finished-at="2019-03-08T08:47:47Z" duration-ms="8982">
    <groups>
    </groups>
    <test started-at="2019-03-08T08:47:38Z" name="End to end Test" finished-at="2019-03-08T08:47:47Z" duration-ms="8982">
      <class name="www.saucedemo.com.sofiui.Saucedemouitest">
        <test-method is-config="true" signature="setup()[pri:0, instance:www.saucedemo.com.sofiui.Saucedemouitest@7530ad9c]" started-at="2019-03-08T08:47:38Z" name="setup" finished-at="2019-03-08T08:47:45Z" duration-ms="7158" status="PASS">
          <reporter-output>
          </reporter-output>
        </test-method> <!-- setup -->
        <test-method signature="endToEndTest()[pri:0, instance:www.saucedemo.com.sofiui.Saucedemouitest@7530ad9c]" started-at="2019-03-08T08:47:45Z" name="endToEndTest" finished-at="2019-03-08T08:47:47Z" duration-ms="1755" status="PASS">
          <reporter-output>
          </reporter-output>
        </test-method> <!-- endToEndTest -->
      </class> <!-- www.saucedemo.com.sofiui.Saucedemouitest -->
    </test> <!-- End to end Test -->
  </suite> <!-- Sauce Demo end to end Test suite -->
</testng-results>
